Arguments: 
  C:\Program Files\nodejs\node.exe C:\Program Files (x86)\Yarn\bin\yarn.js install

PATH: 
  C:\Program Files\Git\mingw64\bin;C:\Program Files\Git\usr\bin;C:\Users\vysha\bin;C:\ProgramData\DockerDesktop\version-bin;C:\Program Files\Docker\Docker\Resources\bin;C:\Program Files (x86)\Common Files\Oracle\Java\javapath;C:\ProgramData\Oracle\Java\javapath;C:\Windows\system32;C:\Windows;C:\Windows\System32\Wbem;C:\Windows\System32\WindowsPowerShell\v1.0;C:\Program Files (x86)\NVIDIA Corporation\PhysX\Common;C:\WINDOWS\system32;C:\WINDOWS;C:\WINDOWS\System32\Wbem;C:\WINDOWS\System32\WindowsPowerShell\v1.0;C:\WINDOWS\System32\OpenSSH;C:\Program Files\Git\cmd;C:\Program Files\MongoDB\Server\4.0\bin;C:\Program Files (x86)\Yarn\bin;C:\Program Files\nodejs;C:\Program Files\Redis;C:\Users\vysha\AppData\Local\Programs\Python\Python37-32\Scripts;C:\Users\vysha\AppData\Local\Programs\Python\Python37-32;C:\Users\vysha\AppData\Local\Microsoft\WindowsApps;C:\Users\vysha\AppData\Local\Programs\Microsoft VS Code\bin;C:\Program Files\Git\usr\bin;C:\Users\vysha\AppData\Local\Yarn\bin;C:\Program Files\PostgreSQL\11\bin;C:\Program Files\PostgreSQL\11\lib;C:\Users\vysha\AppData\Roaming\npm

Yarn version: 
  1.12.3

Node version: 
  10.15.0

Platform: 
  win32 x64

Trace: 
  Error: EBUSY: resource busy or locked, copyfile 'C:\Users\vysha\AppData\Local\Yarn\Cache\v4\npm-sockjs-client-1.3.0-12fc9d6cb663da5739d3dc5fb6e8687da95cb177\node_modules\sockjs-client\README.md' -> 'F:\workspace\Fileup\node_modules\webpack-dev-server\node_modules\sockjs-client\README.md'

npm manifest: 
  {
    "name": "api",
    "version": "1.0.0",
    "main": "index.js",
    "license": "MIT",
    "scripts": {
      "start": "ts-node src/index.ts",
      "dev": "ts-node-dev src/index.ts"
    },
    "dependencies": {
      "body-parser": "^1.18.3",
      "chalk": "^2.4.2",
      "cors": "^2.8.5",
      "express": "^4.16.4",
      "multer": "^1.4.1",
      "pg": "^7.8.0",
      "reflect-metadata": "^0.1.13",
      "typeorm": "^0.2.11"
    },
    "engines": {
      "node": "10.15.0"
    },
    "devDependencies": {
      "@types/body-parser": "^1.17.0",
      "@types/cors": "^2.8.4",
      "@types/express": "^4.16.0",
      "@types/multer": "^1.3.7",
      "@types/node": "^10.12.18",
      "ts-node": "^7.0.1",
      "ts-node-dev": "^1.0.0-pre.32",
      "tslint-config-prettier": "^1.17.0",
      "typescript": "^3.2.4"
    }
  }

yarn manifest: 
  No manifest

Lockfile: 
  No lockfile
